
/home/runner/work/exp-standard-distributions-iitd/exp-standard-distributions-iitd/experiment/simulation/js/helper.js
    6:7   warning  'select' is assigned a value but never used      no-unused-vars
    7:7   warning  'canvas' is assigned a value but never used      no-unused-vars
   10:7   warning  'layout' is assigned a value but never used      no-unused-vars
   28:7   warning  'DENSITY' is assigned a value but never used     no-unused-vars
   29:7   warning  'TRIALS' is assigned a value but never used      no-unused-vars
   32:7   warning  'disc' is assigned a value but never used        no-unused-vars
   33:7   warning  'cont' is assigned a value but never used        no-unused-vars
   35:7   warning  'int_para' is assigned a value but never used    no-unused-vars
   36:7   warning  'neg_para' is assigned a value but never used    no-unused-vars
   38:7   warning  'parameter1' is assigned a value but never used  no-unused-vars
   53:7   warning  'parameter2' is assigned a value but never used  no-unused-vars
   63:7   warning  'default_p1' is assigned a value but never used  no-unused-vars
   78:7   warning  'default_p2' is assigned a value but never used  no-unused-vars
   88:7   warning  'Limits' is assigned a value but never used      no-unused-vars
   93:27  warning  'p2' is assigned a value but never used          no-unused-vars
   98:20  warning  'p' is assigned a value but never used           no-unused-vars
  102:25  warning  'p2' is assigned a value but never used          no-unused-vars
  111:27  warning  'p2' is assigned a value but never used          no-unused-vars
  117:11  warning  'jStat' is not defined                           no-undef
  117:41  warning  'jStat' is not defined                           no-undef
  121:14  warning  'jStat' is not defined                           no-undef
  125:14  warning  'jStat' is not defined                           no-undef
  129:15  warning  'jStat' is not defined                           no-undef
  130:13  warning  'jStat' is not defined                           no-undef
  131:25  warning  Unnecessary semicolon                            no-extra-semi
  132:23  warning  Unnecessary semicolon                            no-extra-semi
  136:25  warning  'p2' is assigned a value but never used          no-unused-vars
  137:15  warning  'jStat' is not defined                           no-undef
  138:25  warning  Unnecessary semicolon                            no-extra-semi
  139:18  warning  'jStat' is not defined                           no-undef
  142:25  warning  'p2' is assigned a value but never used          no-unused-vars
  143:25  warning  'jStat' is not defined                           no-undef
  143:68  warning  'jStat' is not defined                           no-undef
  152:41  warning  'p2' is assigned a value but never used          no-unused-vars
  160:37  warning  'p2' is assigned a value but never used          no-unused-vars
  168:43  warning  'p2' is assigned a value but never used          no-unused-vars
  172:36  warning  's' is assigned a value but never used           no-unused-vars
  177:10  warning  'jStat' is not defined                           no-undef
  185:10  warning  'jStat' is not defined                           no-undef
  188:41  warning  'p2' is assigned a value but never used          no-unused-vars
  192:40  warning  'p2' is assigned a value but never used          no-unused-vars
  202:45  warning  'p2' is assigned a value but never used          no-unused-vars
  210:41  warning  'p2' is assigned a value but never used          no-unused-vars
  218:47  warning  'p2' is assigned a value but never used          no-unused-vars
  222:35  warning  'u' is assigned a value but never used           no-unused-vars
  227:10  warning  'jStat' is not defined                           no-undef
  235:10  warning  'jStat' is not defined                           no-undef
  238:45  warning  'p2' is assigned a value but never used          no-unused-vars
  242:44  warning  'p2' is assigned a value but never used          no-unused-vars
  255:44  warning  'p2' is assigned a value but never used          no-unused-vars
  266:10  warning  'math' is not defined                            no-undef
  269:40  warning  'p2' is assigned a value but never used          no-unused-vars
  273:10  warning  'jStat' is not defined                           no-undef
  281:46  warning  'p2' is assigned a value but never used          no-unused-vars
  287:10  warning  'jStat' is not defined                           no-undef
  292:10  warning  'jStat' is not defined                           no-undef
  300:10  warning  'jStat' is not defined                           no-undef
  303:44  warning  'p2' is assigned a value but never used          no-unused-vars
  307:43  warning  'p2' is assigned a value but never used          no-unused-vars
  308:10  warning  'jStat' is not defined                           no-undef
  312:7   warning  'Rand' is assigned a value but never used        no-unused-vars
  317:41  warning  'p2' is assigned a value but never used          no-unused-vars
  331:37  warning  'p2' is assigned a value but never used          no-unused-vars
  332:10  warning  'jStat' is not defined                           no-undef
  339:43  warning  'p2' is assigned a value but never used          no-unused-vars
  344:10  warning  'jStat' is not defined                           no-undef
  348:10  warning  'jStat' is not defined                           no-undef
  352:10  warning  'jStat' is not defined                           no-undef
  356:10  warning  'jStat' is not defined                           no-undef
  359:41  warning  'p2' is assigned a value but never used          no-unused-vars
  360:10  warning  'jStat' is not defined                           no-undef
  364:10  warning  'jStat' is not defined                           no-undef
  368:7   warning  'proFunc' is assigned a value but never used     no-unused-vars

/home/runner/work/exp-standard-distributions-iitd/exp-standard-distributions-iitd/experiment/simulation/js/main.js
   12:21  warning  'Limits' is not defined                             no-undef
   13:22  warning  'DENSITY' is not defined                            no-undef
   19:60  warning  'MAXP' is not defined                               no-undef
   21:10  warning  'Dist' is not defined                               no-undef
   36:22  warning  'TRIALS' is not defined                             no-undef
   37:12  warning  'Rand' is not defined                               no-undef
   42:51  warning  'TRIALS' is not defined                             no-undef
   53:21  warning  'TRIALS' is not defined                             no-undef
   54:12  warning  'Rand' is not defined                               no-undef
   75:18  warning  'parameter2' is not defined                         no-undef
   86:18  warning  'neg_para' is not defined                           no-undef
   90:18  warning  'neg_para' is not defined                           no-undef
   98:5   warning  'int_para' is not defined                           no-undef
  102:5   warning  'int_para' is not defined                           no-undef
  117:10  warning  'PDF' is defined but never used                     no-unused-vars
  118:17  warning  'select' is not defined                             no-undef
  118:32  warning  'select' is not defined                             no-undef
  119:19  warning  'disc' is not defined                               no-undef
  121:2   warning  'layout' is not defined                             no-undef
  140:3   warning  'Plotly' is not defined                             no-undef
  140:18  warning  'canvas' is not defined                             no-undef
  140:33  warning  'layout' is not defined                             no-undef
  147:10  warning  'change' is defined but never used                  no-unused-vars
  148:15  warning  'select' is not defined                             no-undef
  148:30  warning  'select' is not defined                             no-undef
  160:27  warning  'parameter1' is not defined                         no-undef
  161:13  warning  'default_p1' is not defined                         no-undef
  163:5   warning  'parameter2' is not defined                         no-undef
  164:28  warning  'parameter2' is not defined                         no-undef
  165:14  warning  'default_p2' is not defined                         no-undef
  172:2   warning  'MathJax' is not defined                            no-undef
  176:19  warning  'disc' is not defined                               no-undef
  177:2   warning  'MathJax' is not defined                            no-undef
  188:28  warning  'proFunc' is not defined                            no-undef
  189:2   warning  'MathJax' is not defined                            no-undef
  195:13  warning  'Mean' is not defined                               no-undef
  196:17  warning  'Variance' is not defined                           no-undef
  205:2   warning  'MathJax' is not defined                            no-undef
  208:10  warning  'outputProbability' is defined but never used       no-unused-vars
  209:17  warning  'select' is not defined                             no-undef
  209:32  warning  'select' is not defined                             no-undef
  219:55  warning  'Dist' is not defined                               no-undef
  225:10  warning  'outputRangeProbability' is defined but never used  no-unused-vars
  226:17  warning  'select' is not defined                             no-undef
  226:32  warning  'select' is not defined                             no-undef
  243:13  warning  'cDist' is not defined                              no-undef
  246:11  warning  'cDist' is not defined                              no-undef

✖ 120 problems (0 errors, 120 warnings)
  0 errors and 3 warnings potentially fixable with the `--fix` option.

